{"level":"\u001b[32minfo\u001b[39m","message":"Server is running on port: 1606","timestamp":"2025-08-05 22:56:29"}
{"level":"\u001b[32minfo\u001b[39m","message":"Database connected successfully","timestamp":"2025-08-05 22:56:29"}
{"level":"\u001b[32minfo\u001b[39m","message":"Database connection successful","timestamp":"2025-08-05 22:56:29"}
{"level":"\u001b[32minfo\u001b[39m","message":"Server is running on port: 1606","timestamp":"2025-08-05 23:00:47"}
{"level":"\u001b[32minfo\u001b[39m","message":"Database connected successfully","timestamp":"2025-08-05 23:00:47"}
{"level":"\u001b[32minfo\u001b[39m","message":"Database connection successful","timestamp":"2025-08-05 23:00:47"}
{"level":"\u001b[32minfo\u001b[39m","message":"Server is running on port: 1606","timestamp":"2025-08-05 23:01:04"}
{"level":"\u001b[32minfo\u001b[39m","message":"Database connected successfully","timestamp":"2025-08-05 23:01:05"}
{"level":"\u001b[32minfo\u001b[39m","message":"Database connection successful","timestamp":"2025-08-05 23:01:05"}
{"level":"\u001b[32minfo\u001b[39m","message":"Server is running on port: 1606","timestamp":"2025-08-05 23:01:07"}
{"level":"\u001b[32minfo\u001b[39m","message":"Database connected successfully","timestamp":"2025-08-05 23:01:07"}
{"level":"\u001b[32minfo\u001b[39m","message":"Database connection successful","timestamp":"2025-08-05 23:01:07"}
{"level":"\u001b[32minfo\u001b[39m","message":"Server is running on port: 1606","timestamp":"2025-08-05 23:01:18"}
{"level":"\u001b[32minfo\u001b[39m","message":"Database connected successfully","timestamp":"2025-08-05 23:01:18"}
{"level":"\u001b[32minfo\u001b[39m","message":"Database connection successful","timestamp":"2025-08-05 23:01:18"}
{"level":"\u001b[32minfo\u001b[39m","message":"Server is running on port: 1606","timestamp":"2025-08-05 23:02:31"}
{"level":"\u001b[32minfo\u001b[39m","message":"Database connected successfully","timestamp":"2025-08-05 23:02:31"}
{"level":"\u001b[32minfo\u001b[39m","message":"Database connection successful","timestamp":"2025-08-05 23:02:31"}
{"level":"\u001b[32minfo\u001b[39m","message":"Server is running on port: 1606","timestamp":"2025-08-05 23:06:41"}
{"level":"\u001b[32minfo\u001b[39m","message":"Database connected successfully","timestamp":"2025-08-05 23:06:41"}
{"level":"\u001b[32minfo\u001b[39m","message":"Database connection successful","timestamp":"2025-08-05 23:06:41"}
{"level":"\u001b[32minfo\u001b[39m","message":"Server is running on port: 1606","timestamp":"2025-08-05 23:08:45"}
{"level":"\u001b[32minfo\u001b[39m","message":"Database connected successfully","timestamp":"2025-08-05 23:08:45"}
{"level":"\u001b[32minfo\u001b[39m","message":"Database connection successful","timestamp":"2025-08-05 23:08:45"}
{"level":"\u001b[32minfo\u001b[39m","message":"Server is running on port: 1606","timestamp":"2025-08-05 23:09:27"}
{"level":"\u001b[32minfo\u001b[39m","message":"Database connected successfully","timestamp":"2025-08-05 23:09:27"}
{"level":"\u001b[32minfo\u001b[39m","message":"Database connection successful","timestamp":"2025-08-05 23:09:27"}
{"context":{"apiVersion":"v1","headers":{"accept":"*/*","accept-encoding":"gzip, deflate, br","authorization":"Bearer eyJhbGciOiJIUzI1NiIsInR5cCI6IkpXVCJ9.eyJ1c2VySWQiOiI0OTM5MmZjMSIsInJvbGVJZCI6IjAwMDEiLCJpYXQiOjE3MjU3MzA1NDMsImV4cCI6MTcyNTczMTQ0M30.Nx5xr6gbRL2txHgIwSSC8JRliGcw0-AUbdwoI6Jkhtg","cache-control":"no-cache","connection":"keep-alive","content-length":"72","content-type":"text/plain","cookie":"refreshToken=eyJhbGciOiJIUzI1NiIsInR5cCI6IkpXVCJ9.eyJ1c2VySWQiOiI5NGFlMWZiOCIsImlhdCI6MTc1NDIxNTg3MywiZXhwIjoxNzU2ODA3ODczfQ.iByMbuWf3tmR-K9uYr-ibXlP4HZQZdhWg4y2o2gl22I","host":"localhost:1606","postman-token":"b8360f16-9e7a-4c2f-8db4-0dd8d7e97562","user-agent":"PostmanRuntime/7.45.0"},"method":"POST"},"level":"\u001b[32minfo\u001b[39m","message":"Handling workflow request for ID: 16250001, Region: local, API Version: v1","timestamp":"2025-08-05 23:09:28"}
{"level":"\u001b[32minfo\u001b[39m","message":"Processing workflow: 16250001 in region: local with version: v1","timestamp":"2025-08-05 23:09:28"}
{"level":"\u001b[32minfo\u001b[39m","message":"Server is running on port: 1606","timestamp":"2025-08-05 23:10:46"}
{"level":"\u001b[32minfo\u001b[39m","message":"Database connected successfully","timestamp":"2025-08-05 23:10:46"}
{"level":"\u001b[32minfo\u001b[39m","message":"Database connection successful","timestamp":"2025-08-05 23:10:46"}
{"level":"\u001b[32minfo\u001b[39m","message":"Server is running on port: 1606","timestamp":"2025-08-05 23:15:33"}
{"level":"\u001b[32minfo\u001b[39m","message":"Database connected successfully","timestamp":"2025-08-05 23:15:33"}
{"level":"\u001b[32minfo\u001b[39m","message":"Database connection successful","timestamp":"2025-08-05 23:15:33"}
{"context":{"apiVersion":"v1","headers":{"accept":"*/*","accept-encoding":"gzip, deflate, br","authorization":"Bearer eyJhbGciOiJIUzI1NiIsInR5cCI6IkpXVCJ9.eyJ1c2VySWQiOiI0OTM5MmZjMSIsInJvbGVJZCI6IjAwMDEiLCJpYXQiOjE3MjU3MzA1NDMsImV4cCI6MTcyNTczMTQ0M30.Nx5xr6gbRL2txHgIwSSC8JRliGcw0-AUbdwoI6Jkhtg","cache-control":"no-cache","connection":"keep-alive","content-length":"72","content-type":"text/plain","cookie":"refreshToken=eyJhbGciOiJIUzI1NiIsInR5cCI6IkpXVCJ9.eyJ1c2VySWQiOiI5NGFlMWZiOCIsImlhdCI6MTc1NDIxNTg3MywiZXhwIjoxNzU2ODA3ODczfQ.iByMbuWf3tmR-K9uYr-ibXlP4HZQZdhWg4y2o2gl22I","host":"localhost:1606","postman-token":"4fd218b8-c873-4322-b1a7-d1967d17ac1b","user-agent":"PostmanRuntime/7.45.0"},"method":"POST"},"level":"\u001b[32minfo\u001b[39m","message":"Handling workflow request for ID: 16250001, Region: local, API Version: v1","timestamp":"2025-08-05 23:15:37"}
{"level":"\u001b[32minfo\u001b[39m","message":"Processing workflow: 16250001 in region: local with version: v1","timestamp":"2025-08-05 23:15:37"}
{"level":"\u001b[32minfo\u001b[39m","message":"Server is running on port: 1606","timestamp":"2025-08-05 23:17:19"}
{"level":"\u001b[32minfo\u001b[39m","message":"Database connected successfully","timestamp":"2025-08-05 23:17:19"}
{"level":"\u001b[32minfo\u001b[39m","message":"Database connection successful","timestamp":"2025-08-05 23:17:19"}
{"level":"\u001b[32minfo\u001b[39m","message":"Server is running on port: 1606","timestamp":"2025-08-05 23:18:19"}
{"level":"\u001b[32minfo\u001b[39m","message":"Database connected successfully","timestamp":"2025-08-05 23:18:19"}
{"level":"\u001b[32minfo\u001b[39m","message":"Database connection successful","timestamp":"2025-08-05 23:18:19"}
{"level":"\u001b[32minfo\u001b[39m","message":"Server is running on port: 1606","timestamp":"2025-08-05 23:18:31"}
{"level":"\u001b[32minfo\u001b[39m","message":"Database connected successfully","timestamp":"2025-08-05 23:18:32"}
{"level":"\u001b[32minfo\u001b[39m","message":"Database connection successful","timestamp":"2025-08-05 23:18:32"}
{"level":"\u001b[32minfo\u001b[39m","message":"Server is running on port: 1606","timestamp":"2025-08-05 23:19:00"}
{"level":"\u001b[32minfo\u001b[39m","message":"Database connected successfully","timestamp":"2025-08-05 23:19:01"}
{"level":"\u001b[32minfo\u001b[39m","message":"Database connection successful","timestamp":"2025-08-05 23:19:01"}
{"context":{"apiVersion":"v1","headers":{"accept":"*/*","accept-encoding":"gzip, deflate, br","authorization":"Bearer eyJhbGciOiJIUzI1NiIsInR5cCI6IkpXVCJ9.eyJ1c2VySWQiOiI0OTM5MmZjMSIsInJvbGVJZCI6IjAwMDEiLCJpYXQiOjE3MjU3MzA1NDMsImV4cCI6MTcyNTczMTQ0M30.Nx5xr6gbRL2txHgIwSSC8JRliGcw0-AUbdwoI6Jkhtg","cache-control":"no-cache","connection":"keep-alive","content-length":"72","content-type":"text/plain","cookie":"refreshToken=eyJhbGciOiJIUzI1NiIsInR5cCI6IkpXVCJ9.eyJ1c2VySWQiOiI5NGFlMWZiOCIsImlhdCI6MTc1NDIxNTg3MywiZXhwIjoxNzU2ODA3ODczfQ.iByMbuWf3tmR-K9uYr-ibXlP4HZQZdhWg4y2o2gl22I","host":"localhost:1606","postman-token":"785c3f09-116a-4296-93ab-96c919f3d0a8","user-agent":"PostmanRuntime/7.45.0"},"method":"POST"},"level":"\u001b[32minfo\u001b[39m","message":"Handling workflow request for ID: 16250001, Region: local, API Version: v1","timestamp":"2025-08-05 23:19:09"}
{"level":"\u001b[32minfo\u001b[39m","message":"Processing workflow: 16250001 in region: local with version: v1","timestamp":"2025-08-05 23:19:09"}
{"level":"\u001b[32minfo\u001b[39m","message":"Server is running on port: 1606","timestamp":"2025-08-05 23:25:01"}
{"level":"\u001b[32minfo\u001b[39m","message":"Database connected successfully","timestamp":"2025-08-05 23:25:01"}
{"level":"\u001b[32minfo\u001b[39m","message":"Database connection successful","timestamp":"2025-08-05 23:25:01"}
{"level":"\u001b[32minfo\u001b[39m","message":"Server is running on port: 1606","timestamp":"2025-08-05 23:25:08"}
{"level":"\u001b[32minfo\u001b[39m","message":"Database connected successfully","timestamp":"2025-08-05 23:25:09"}
{"level":"\u001b[32minfo\u001b[39m","message":"Database connection successful","timestamp":"2025-08-05 23:25:09"}
{"level":"\u001b[32minfo\u001b[39m","message":"Server is running on port: 1606","timestamp":"2025-08-05 23:25:20"}
{"level":"\u001b[32minfo\u001b[39m","message":"Database connected successfully","timestamp":"2025-08-05 23:25:21"}
{"level":"\u001b[32minfo\u001b[39m","message":"Database connection successful","timestamp":"2025-08-05 23:25:21"}
{"context":{"apiVersion":"v1","headers":{"accept":"*/*","accept-encoding":"gzip, deflate, br","authorization":"Bearer eyJhbGciOiJIUzI1NiIsInR5cCI6IkpXVCJ9.eyJ1c2VySWQiOiI0OTM5MmZjMSIsInJvbGVJZCI6IjAwMDEiLCJpYXQiOjE3MjU3MzA1NDMsImV4cCI6MTcyNTczMTQ0M30.Nx5xr6gbRL2txHgIwSSC8JRliGcw0-AUbdwoI6Jkhtg","cache-control":"no-cache","connection":"keep-alive","content-length":"72","content-type":"text/plain","cookie":"refreshToken=eyJhbGciOiJIUzI1NiIsInR5cCI6IkpXVCJ9.eyJ1c2VySWQiOiI5NGFlMWZiOCIsImlhdCI6MTc1NDIxNTg3MywiZXhwIjoxNzU2ODA3ODczfQ.iByMbuWf3tmR-K9uYr-ibXlP4HZQZdhWg4y2o2gl22I","host":"localhost:1606","postman-token":"37e0605b-bc12-43b8-b0c1-bc818ee698de","user-agent":"PostmanRuntime/7.45.0"},"method":"POST"},"level":"\u001b[32minfo\u001b[39m","message":"Handling workflow request for ID: 16250001, Region: local, API Version: v1","timestamp":"2025-08-05 23:25:29"}
{"level":"\u001b[32minfo\u001b[39m","message":"Processing workflow: 16250001 in region: local with version: v1","timestamp":"2025-08-05 23:25:29"}
{"level":"\u001b[32minfo\u001b[39m","message":"Server is running on port: 1606","timestamp":"2025-08-05 23:26:50"}
{"level":"\u001b[32minfo\u001b[39m","message":"Database connected successfully","timestamp":"2025-08-05 23:26:50"}
{"level":"\u001b[32minfo\u001b[39m","message":"Database connection successful","timestamp":"2025-08-05 23:26:50"}
{"level":"\u001b[32minfo\u001b[39m","message":"Server is running on port: 1606","timestamp":"2025-08-05 23:27:09"}
{"level":"\u001b[32minfo\u001b[39m","message":"Server is running on port: 1606","timestamp":"2025-08-05 23:27:10"}
{"level":"\u001b[32minfo\u001b[39m","message":"Database connected successfully","timestamp":"2025-08-05 23:27:10"}
{"level":"\u001b[32minfo\u001b[39m","message":"Database connection successful","timestamp":"2025-08-05 23:27:10"}
{"level":"\u001b[32minfo\u001b[39m","message":"Server is running on port: 1606","timestamp":"2025-08-05 23:27:33"}
{"level":"\u001b[32minfo\u001b[39m","message":"Database connected successfully","timestamp":"2025-08-05 23:27:33"}
{"level":"\u001b[32minfo\u001b[39m","message":"Database connection successful","timestamp":"2025-08-05 23:27:33"}
{"context":{"apiVersion":"v1","headers":{"accept":"*/*","accept-encoding":"gzip, deflate, br","authorization":"Bearer eyJhbGciOiJIUzI1NiIsInR5cCI6IkpXVCJ9.eyJ1c2VySWQiOiI0OTM5MmZjMSIsInJvbGVJZCI6IjAwMDEiLCJpYXQiOjE3MjU3MzA1NDMsImV4cCI6MTcyNTczMTQ0M30.Nx5xr6gbRL2txHgIwSSC8JRliGcw0-AUbdwoI6Jkhtg","cache-control":"no-cache","connection":"keep-alive","content-length":"72","content-type":"text/plain","cookie":"refreshToken=eyJhbGciOiJIUzI1NiIsInR5cCI6IkpXVCJ9.eyJ1c2VySWQiOiI5NGFlMWZiOCIsImlhdCI6MTc1NDIxNTg3MywiZXhwIjoxNzU2ODA3ODczfQ.iByMbuWf3tmR-K9uYr-ibXlP4HZQZdhWg4y2o2gl22I","host":"localhost:1606","postman-token":"90cb7342-f071-4df8-8264-cfe491121b6a","user-agent":"PostmanRuntime/7.45.0"},"method":"POST"},"level":"\u001b[32minfo\u001b[39m","message":"Handling workflow request for ID: 16250001, Region: local, API Version: v1","timestamp":"2025-08-05 23:27:39"}
{"level":"\u001b[32minfo\u001b[39m","message":"Processing workflow: 16250001 in region: local with version: v1","timestamp":"2025-08-05 23:27:39"}
{"level":"\u001b[32minfo\u001b[39m","message":"Server is running on port: 1606","timestamp":"2025-08-05 23:28:47"}
{"level":"\u001b[32minfo\u001b[39m","message":"Database connected successfully","timestamp":"2025-08-05 23:28:48"}
{"level":"\u001b[32minfo\u001b[39m","message":"Database connection successful","timestamp":"2025-08-05 23:28:48"}
{"context":{"apiVersion":"v1","headers":{"accept":"*/*","accept-encoding":"gzip, deflate, br","authorization":"Bearer eyJhbGciOiJIUzI1NiIsInR5cCI6IkpXVCJ9.eyJ1c2VySWQiOiI0OTM5MmZjMSIsInJvbGVJZCI6IjAwMDEiLCJpYXQiOjE3MjU3MzA1NDMsImV4cCI6MTcyNTczMTQ0M30.Nx5xr6gbRL2txHgIwSSC8JRliGcw0-AUbdwoI6Jkhtg","cache-control":"no-cache","connection":"keep-alive","content-length":"72","content-type":"text/plain","cookie":"refreshToken=eyJhbGciOiJIUzI1NiIsInR5cCI6IkpXVCJ9.eyJ1c2VySWQiOiI5NGFlMWZiOCIsImlhdCI6MTc1NDIxNTg3MywiZXhwIjoxNzU2ODA3ODczfQ.iByMbuWf3tmR-K9uYr-ibXlP4HZQZdhWg4y2o2gl22I","host":"localhost:1606","postman-token":"4e822702-b748-4b5d-8a0d-a185c4c43e70","user-agent":"PostmanRuntime/7.45.0"},"method":"POST"},"level":"\u001b[32minfo\u001b[39m","message":"Handling workflow request for ID: 16250001, Region: local, API Version: v1","timestamp":"2025-08-05 23:28:56"}
{"level":"\u001b[32minfo\u001b[39m","message":"Processing workflow: 16250001 in region: local with version: v1","timestamp":"2025-08-05 23:28:56"}
{"level":"\u001b[32minfo\u001b[39m","message":"Server is running on port: 1606","timestamp":"2025-08-05 23:30:10"}
{"level":"\u001b[32minfo\u001b[39m","message":"Database connected successfully","timestamp":"2025-08-05 23:30:11"}
{"level":"\u001b[32minfo\u001b[39m","message":"Database connection successful","timestamp":"2025-08-05 23:30:11"}
{"context":{"apiVersion":"v1","headers":{"accept":"*/*","accept-encoding":"gzip, deflate, br","authorization":"Bearer eyJhbGciOiJIUzI1NiIsInR5cCI6IkpXVCJ9.eyJ1c2VySWQiOiI0OTM5MmZjMSIsInJvbGVJZCI6IjAwMDEiLCJpYXQiOjE3MjU3MzA1NDMsImV4cCI6MTcyNTczMTQ0M30.Nx5xr6gbRL2txHgIwSSC8JRliGcw0-AUbdwoI6Jkhtg","cache-control":"no-cache","connection":"keep-alive","content-length":"72","content-type":"text/plain","cookie":"refreshToken=eyJhbGciOiJIUzI1NiIsInR5cCI6IkpXVCJ9.eyJ1c2VySWQiOiI5NGFlMWZiOCIsImlhdCI6MTc1NDIxNTg3MywiZXhwIjoxNzU2ODA3ODczfQ.iByMbuWf3tmR-K9uYr-ibXlP4HZQZdhWg4y2o2gl22I","host":"localhost:1606","postman-token":"1d2a40d9-b2db-4282-8113-859727bca5ef","user-agent":"PostmanRuntime/7.45.0"},"method":"POST"},"level":"\u001b[32minfo\u001b[39m","message":"Handling workflow request for ID: 16250001, Region: local, API Version: v1","timestamp":"2025-08-05 23:30:13"}
{"level":"\u001b[32minfo\u001b[39m","message":"Processing workflow: 16250001 in region: local with version: v1","timestamp":"2025-08-05 23:30:13"}
{"level":"\u001b[32minfo\u001b[39m","message":"Server is running on port: 1606","timestamp":"2025-08-05 23:31:42"}
{"level":"\u001b[32minfo\u001b[39m","message":"Database connected successfully","timestamp":"2025-08-05 23:31:42"}
{"level":"\u001b[32minfo\u001b[39m","message":"Database connection successful","timestamp":"2025-08-05 23:31:42"}
{"context":{"apiVersion":"v1","headers":{"accept":"*/*","accept-encoding":"gzip, deflate, br","authorization":"Bearer eyJhbGciOiJIUzI1NiIsInR5cCI6IkpXVCJ9.eyJ1c2VySWQiOiI0OTM5MmZjMSIsInJvbGVJZCI6IjAwMDEiLCJpYXQiOjE3MjU3MzA1NDMsImV4cCI6MTcyNTczMTQ0M30.Nx5xr6gbRL2txHgIwSSC8JRliGcw0-AUbdwoI6Jkhtg","cache-control":"no-cache","connection":"keep-alive","content-length":"72","content-type":"text/plain","cookie":"refreshToken=eyJhbGciOiJIUzI1NiIsInR5cCI6IkpXVCJ9.eyJ1c2VySWQiOiI5NGFlMWZiOCIsImlhdCI6MTc1NDIxNTg3MywiZXhwIjoxNzU2ODA3ODczfQ.iByMbuWf3tmR-K9uYr-ibXlP4HZQZdhWg4y2o2gl22I","host":"localhost:1606","postman-token":"57591c34-864a-49e7-ab58-02e7dfa6cdc0","user-agent":"PostmanRuntime/7.45.0"},"method":"POST"},"level":"\u001b[32minfo\u001b[39m","message":"Handling workflow request for ID: 16250001, Region: local, API Version: v1","timestamp":"2025-08-05 23:31:45"}
{"level":"\u001b[32minfo\u001b[39m","message":"Processing workflow: 16250001 in region: local with version: v1","timestamp":"2025-08-05 23:31:45"}
{"level":"\u001b[32minfo\u001b[39m","message":"Server is running on port: 1606","timestamp":"2025-08-05 23:34:28"}
{"level":"\u001b[32minfo\u001b[39m","message":"Database connected successfully","timestamp":"2025-08-05 23:34:28"}
{"level":"\u001b[32minfo\u001b[39m","message":"Database connection successful","timestamp":"2025-08-05 23:34:28"}
{"context":{"apiVersion":"v1","headers":{"accept":"*/*","accept-encoding":"gzip, deflate, br","authorization":"Bearer eyJhbGciOiJIUzI1NiIsInR5cCI6IkpXVCJ9.eyJ1c2VySWQiOiI0OTM5MmZjMSIsInJvbGVJZCI6IjAwMDEiLCJpYXQiOjE3MjU3MzA1NDMsImV4cCI6MTcyNTczMTQ0M30.Nx5xr6gbRL2txHgIwSSC8JRliGcw0-AUbdwoI6Jkhtg","cache-control":"no-cache","connection":"keep-alive","content-length":"72","content-type":"text/plain","cookie":"refreshToken=eyJhbGciOiJIUzI1NiIsInR5cCI6IkpXVCJ9.eyJ1c2VySWQiOiI5NGFlMWZiOCIsImlhdCI6MTc1NDIxNTg3MywiZXhwIjoxNzU2ODA3ODczfQ.iByMbuWf3tmR-K9uYr-ibXlP4HZQZdhWg4y2o2gl22I","host":"localhost:1606","postman-token":"5fd41e59-3bcc-4ea9-b304-bbb9f936cfcb","user-agent":"PostmanRuntime/7.45.0"},"method":"POST"},"level":"\u001b[32minfo\u001b[39m","message":"Handling workflow request for ID: 16250001, Region: local, API Version: v1","timestamp":"2025-08-05 23:34:29"}
{"level":"\u001b[32minfo\u001b[39m","message":"Processing workflow: 16250001 in region: local with version: v1","timestamp":"2025-08-05 23:34:30"}
{"level":"\u001b[32minfo\u001b[39m","message":"Server is running on port: 1606","timestamp":"2025-08-05 23:34:37"}
{"level":"\u001b[32minfo\u001b[39m","message":"Database connected successfully","timestamp":"2025-08-05 23:34:37"}
{"level":"\u001b[32minfo\u001b[39m","message":"Database connection successful","timestamp":"2025-08-05 23:34:37"}
{"context":{"apiVersion":"v1","headers":{"accept":"*/*","accept-encoding":"gzip, deflate, br","authorization":"Bearer eyJhbGciOiJIUzI1NiIsInR5cCI6IkpXVCJ9.eyJ1c2VySWQiOiI0OTM5MmZjMSIsInJvbGVJZCI6IjAwMDEiLCJpYXQiOjE3MjU3MzA1NDMsImV4cCI6MTcyNTczMTQ0M30.Nx5xr6gbRL2txHgIwSSC8JRliGcw0-AUbdwoI6Jkhtg","cache-control":"no-cache","connection":"keep-alive","content-length":"72","content-type":"text/plain","cookie":"refreshToken=eyJhbGciOiJIUzI1NiIsInR5cCI6IkpXVCJ9.eyJ1c2VySWQiOiI5NGFlMWZiOCIsImlhdCI6MTc1NDIxNTg3MywiZXhwIjoxNzU2ODA3ODczfQ.iByMbuWf3tmR-K9uYr-ibXlP4HZQZdhWg4y2o2gl22I","host":"localhost:1606","postman-token":"7eb5f547-9135-47a5-8912-f6ac3e52b6fc","user-agent":"PostmanRuntime/7.45.0"},"method":"POST"},"level":"\u001b[32minfo\u001b[39m","message":"Handling workflow request for ID: 16250001, Region: local, API Version: v1","timestamp":"2025-08-05 23:34:37"}
{"level":"\u001b[32minfo\u001b[39m","message":"Processing workflow: 16250001 in region: local with version: v1","timestamp":"2025-08-05 23:34:38"}
{"level":"\u001b[32minfo\u001b[39m","message":"Server is running on port: 1606","timestamp":"2025-08-05 23:35:29"}
{"level":"\u001b[32minfo\u001b[39m","message":"Database connected successfully","timestamp":"2025-08-05 23:35:30"}
{"level":"\u001b[32minfo\u001b[39m","message":"Database connection successful","timestamp":"2025-08-05 23:35:30"}
{"context":{"apiVersion":"v1","headers":{"accept":"*/*","accept-encoding":"gzip, deflate, br","authorization":"Bearer eyJhbGciOiJIUzI1NiIsInR5cCI6IkpXVCJ9.eyJ1c2VySWQiOiI0OTM5MmZjMSIsInJvbGVJZCI6IjAwMDEiLCJpYXQiOjE3MjU3MzA1NDMsImV4cCI6MTcyNTczMTQ0M30.Nx5xr6gbRL2txHgIwSSC8JRliGcw0-AUbdwoI6Jkhtg","cache-control":"no-cache","connection":"keep-alive","content-length":"72","content-type":"text/plain","cookie":"refreshToken=eyJhbGciOiJIUzI1NiIsInR5cCI6IkpXVCJ9.eyJ1c2VySWQiOiI5NGFlMWZiOCIsImlhdCI6MTc1NDIxNTg3MywiZXhwIjoxNzU2ODA3ODczfQ.iByMbuWf3tmR-K9uYr-ibXlP4HZQZdhWg4y2o2gl22I","host":"localhost:1606","postman-token":"66f01218-94cb-4bb7-8b49-dd177ac39d02","user-agent":"PostmanRuntime/7.45.0"},"method":"POST"},"level":"\u001b[32minfo\u001b[39m","message":"Handling workflow request for ID: 16250001, Region: local, API Version: v1","timestamp":"2025-08-05 23:35:31"}
{"level":"\u001b[32minfo\u001b[39m","message":"Processing workflow: 16250001 in region: local with version: v1","timestamp":"2025-08-05 23:35:31"}
{"level":"\u001b[32minfo\u001b[39m","message":"Server is running on port: 1606","timestamp":"2025-08-05 23:35:53"}
{"level":"\u001b[32minfo\u001b[39m","message":"Database connected successfully","timestamp":"2025-08-05 23:35:54"}
{"level":"\u001b[32minfo\u001b[39m","message":"Database connection successful","timestamp":"2025-08-05 23:35:54"}
{"context":{"apiVersion":"v1","headers":{"accept":"*/*","accept-encoding":"gzip, deflate, br","authorization":"Bearer eyJhbGciOiJIUzI1NiIsInR5cCI6IkpXVCJ9.eyJ1c2VySWQiOiI0OTM5MmZjMSIsInJvbGVJZCI6IjAwMDEiLCJpYXQiOjE3MjU3MzA1NDMsImV4cCI6MTcyNTczMTQ0M30.Nx5xr6gbRL2txHgIwSSC8JRliGcw0-AUbdwoI6Jkhtg","cache-control":"no-cache","connection":"keep-alive","content-length":"72","content-type":"text/plain","cookie":"refreshToken=eyJhbGciOiJIUzI1NiIsInR5cCI6IkpXVCJ9.eyJ1c2VySWQiOiI5NGFlMWZiOCIsImlhdCI6MTc1NDIxNTg3MywiZXhwIjoxNzU2ODA3ODczfQ.iByMbuWf3tmR-K9uYr-ibXlP4HZQZdhWg4y2o2gl22I","host":"localhost:1606","postman-token":"b1c71917-939d-4fc6-a515-8701606bf39e","user-agent":"PostmanRuntime/7.45.0"},"method":"POST"},"level":"\u001b[32minfo\u001b[39m","message":"Handling workflow request for ID: 16250001, Region: local, API Version: v1","timestamp":"2025-08-05 23:35:55"}
{"level":"\u001b[32minfo\u001b[39m","message":"Processing workflow: 16250001 in region: local with version: v1","timestamp":"2025-08-05 23:35:55"}
{"level":"\u001b[32minfo\u001b[39m","message":"Server is running on port: 1606","timestamp":"2025-08-05 23:36:25"}
{"level":"\u001b[32minfo\u001b[39m","message":"Database connected successfully","timestamp":"2025-08-05 23:36:25"}
{"level":"\u001b[32minfo\u001b[39m","message":"Database connection successful","timestamp":"2025-08-05 23:36:25"}
{"context":{"apiVersion":"v1","headers":{"accept":"*/*","accept-encoding":"gzip, deflate, br","authorization":"Bearer eyJhbGciOiJIUzI1NiIsInR5cCI6IkpXVCJ9.eyJ1c2VySWQiOiI0OTM5MmZjMSIsInJvbGVJZCI6IjAwMDEiLCJpYXQiOjE3MjU3MzA1NDMsImV4cCI6MTcyNTczMTQ0M30.Nx5xr6gbRL2txHgIwSSC8JRliGcw0-AUbdwoI6Jkhtg","cache-control":"no-cache","connection":"keep-alive","content-length":"72","content-type":"text/plain","cookie":"refreshToken=eyJhbGciOiJIUzI1NiIsInR5cCI6IkpXVCJ9.eyJ1c2VySWQiOiI5NGFlMWZiOCIsImlhdCI6MTc1NDIxNTg3MywiZXhwIjoxNzU2ODA3ODczfQ.iByMbuWf3tmR-K9uYr-ibXlP4HZQZdhWg4y2o2gl22I","host":"localhost:1606","postman-token":"106988f7-9367-497f-a36e-6393f7e48703","user-agent":"PostmanRuntime/7.45.0"},"method":"POST"},"level":"\u001b[32minfo\u001b[39m","message":"Handling workflow request for ID: 16250001, Region: local, API Version: v1","timestamp":"2025-08-05 23:36:27"}
{"level":"\u001b[32minfo\u001b[39m","message":"Processing workflow: 16250001 in region: local with version: v1","timestamp":"2025-08-05 23:36:27"}
{"level":"\u001b[32minfo\u001b[39m","message":"Server is running on port: 1606","timestamp":"2025-08-05 23:37:40"}
{"level":"\u001b[32minfo\u001b[39m","message":"Database connected successfully","timestamp":"2025-08-05 23:37:41"}
{"level":"\u001b[32minfo\u001b[39m","message":"Database connection successful","timestamp":"2025-08-05 23:37:41"}
{"level":"\u001b[32minfo\u001b[39m","message":"Server is running on port: 1606","timestamp":"2025-08-05 23:37:51"}
{"level":"\u001b[32minfo\u001b[39m","message":"Database connected successfully","timestamp":"2025-08-05 23:37:51"}
{"level":"\u001b[32minfo\u001b[39m","message":"Database connection successful","timestamp":"2025-08-05 23:37:51"}
{"context":{"apiVersion":"v1","headers":{"accept":"*/*","accept-encoding":"gzip, deflate, br","authorization":"Bearer eyJhbGciOiJIUzI1NiIsInR5cCI6IkpXVCJ9.eyJ1c2VySWQiOiI0OTM5MmZjMSIsInJvbGVJZCI6IjAwMDEiLCJpYXQiOjE3MjU3MzA1NDMsImV4cCI6MTcyNTczMTQ0M30.Nx5xr6gbRL2txHgIwSSC8JRliGcw0-AUbdwoI6Jkhtg","cache-control":"no-cache","connection":"keep-alive","content-length":"72","content-type":"text/plain","cookie":"refreshToken=eyJhbGciOiJIUzI1NiIsInR5cCI6IkpXVCJ9.eyJ1c2VySWQiOiI5NGFlMWZiOCIsImlhdCI6MTc1NDIxNTg3MywiZXhwIjoxNzU2ODA3ODczfQ.iByMbuWf3tmR-K9uYr-ibXlP4HZQZdhWg4y2o2gl22I","host":"localhost:1606","postman-token":"b5a55903-55ba-4d20-be91-5928eaabd436","user-agent":"PostmanRuntime/7.45.0"},"method":"POST"},"level":"\u001b[32minfo\u001b[39m","message":"Handling workflow request for ID: 16250001, Region: local, API Version: v1","timestamp":"2025-08-05 23:37:52"}
{"level":"\u001b[32minfo\u001b[39m","message":"Processing workflow: 16250001 in region: local with version: v1","timestamp":"2025-08-05 23:37:52"}
{"level":"\u001b[32minfo\u001b[39m","message":"Server is running on port: 1606","timestamp":"2025-08-05 23:38:07"}
{"context":{"apiVersion":"v1","headers":{"accept":"*/*","accept-encoding":"gzip, deflate, br","authorization":"Bearer eyJhbGciOiJIUzI1NiIsInR5cCI6IkpXVCJ9.eyJ1c2VySWQiOiI0OTM5MmZjMSIsInJvbGVJZCI6IjAwMDEiLCJpYXQiOjE3MjU3MzA1NDMsImV4cCI6MTcyNTczMTQ0M30.Nx5xr6gbRL2txHgIwSSC8JRliGcw0-AUbdwoI6Jkhtg","cache-control":"no-cache","connection":"keep-alive","content-length":"72","content-type":"text/plain","cookie":"refreshToken=eyJhbGciOiJIUzI1NiIsInR5cCI6IkpXVCJ9.eyJ1c2VySWQiOiI5NGFlMWZiOCIsImlhdCI6MTc1NDIxNTg3MywiZXhwIjoxNzU2ODA3ODczfQ.iByMbuWf3tmR-K9uYr-ibXlP4HZQZdhWg4y2o2gl22I","host":"localhost:1606","postman-token":"82be81da-2e8a-48af-991c-c8d17b23c32a","user-agent":"PostmanRuntime/7.45.0"},"method":"POST"},"level":"\u001b[32minfo\u001b[39m","message":"Handling workflow request for ID: 16250001, Region: local, API Version: v1","timestamp":"2025-08-05 23:38:07"}
{"level":"\u001b[32minfo\u001b[39m","message":"Database connected successfully","timestamp":"2025-08-05 23:38:08"}
{"level":"\u001b[32minfo\u001b[39m","message":"Database connection successful","timestamp":"2025-08-05 23:38:08"}
{"level":"\u001b[32minfo\u001b[39m","message":"Processing workflow: 16250001 in region: local with version: v1","timestamp":"2025-08-05 23:38:08"}
{"level":"\u001b[32minfo\u001b[39m","message":"Server is running on port: 1606","timestamp":"2025-08-05 23:39:03"}
{"level":"\u001b[32minfo\u001b[39m","message":"Database connected successfully","timestamp":"2025-08-05 23:39:04"}
{"level":"\u001b[32minfo\u001b[39m","message":"Database connection successful","timestamp":"2025-08-05 23:39:04"}
{"level":"\u001b[32minfo\u001b[39m","message":"Server is running on port: 1606","timestamp":"2025-08-05 23:39:51"}
{"level":"\u001b[32minfo\u001b[39m","message":"Database connected successfully","timestamp":"2025-08-05 23:39:52"}
{"level":"\u001b[32minfo\u001b[39m","message":"Database connection successful","timestamp":"2025-08-05 23:39:52"}
{"level":"\u001b[32minfo\u001b[39m","message":"Server is running on port: 1606","timestamp":"2025-08-05 23:39:59"}
{"level":"\u001b[32minfo\u001b[39m","message":"Database connected successfully","timestamp":"2025-08-05 23:39:59"}
{"level":"\u001b[32minfo\u001b[39m","message":"Database connection successful","timestamp":"2025-08-05 23:39:59"}
{"context":{"apiVersion":"v1","headers":{"accept":"*/*","accept-encoding":"gzip, deflate, br","authorization":"Bearer eyJhbGciOiJIUzI1NiIsInR5cCI6IkpXVCJ9.eyJ1c2VySWQiOiI0OTM5MmZjMSIsInJvbGVJZCI6IjAwMDEiLCJpYXQiOjE3MjU3MzA1NDMsImV4cCI6MTcyNTczMTQ0M30.Nx5xr6gbRL2txHgIwSSC8JRliGcw0-AUbdwoI6Jkhtg","cache-control":"no-cache","connection":"keep-alive","content-length":"72","content-type":"text/plain","cookie":"refreshToken=eyJhbGciOiJIUzI1NiIsInR5cCI6IkpXVCJ9.eyJ1c2VySWQiOiI5NGFlMWZiOCIsImlhdCI6MTc1NDIxNTg3MywiZXhwIjoxNzU2ODA3ODczfQ.iByMbuWf3tmR-K9uYr-ibXlP4HZQZdhWg4y2o2gl22I","host":"localhost:1606","postman-token":"0495bd8a-a6d2-4334-a493-a5205a52233e","user-agent":"PostmanRuntime/7.45.0"},"method":"POST"},"level":"\u001b[32minfo\u001b[39m","message":"Handling workflow request for ID: 16250001, Region: local, API Version: v1","timestamp":"2025-08-05 23:40:36"}
{"level":"\u001b[32minfo\u001b[39m","message":"Processing workflow: 16250001 in region: local with version: v1","timestamp":"2025-08-05 23:40:36"}
{"level":"\u001b[32minfo\u001b[39m","message":"Server is running on port: 1606","timestamp":"2025-08-05 23:41:27"}
{"level":"\u001b[32minfo\u001b[39m","message":"Database connected successfully","timestamp":"2025-08-05 23:41:28"}
{"level":"\u001b[32minfo\u001b[39m","message":"Database connection successful","timestamp":"2025-08-05 23:41:28"}
{"level":"\u001b[32minfo\u001b[39m","message":"Server is running on port: 1606","timestamp":"2025-08-05 23:41:40"}
{"level":"\u001b[32minfo\u001b[39m","message":"Database connected successfully","timestamp":"2025-08-05 23:41:40"}
{"level":"\u001b[32minfo\u001b[39m","message":"Database connection successful","timestamp":"2025-08-05 23:41:40"}
{"context":{"apiVersion":"v1","headers":{"accept":"*/*","accept-encoding":"gzip, deflate, br","authorization":"Bearer eyJhbGciOiJIUzI1NiIsInR5cCI6IkpXVCJ9.eyJ1c2VySWQiOiI0OTM5MmZjMSIsInJvbGVJZCI6IjAwMDEiLCJpYXQiOjE3MjU3MzA1NDMsImV4cCI6MTcyNTczMTQ0M30.Nx5xr6gbRL2txHgIwSSC8JRliGcw0-AUbdwoI6Jkhtg","cache-control":"no-cache","connection":"keep-alive","content-length":"72","content-type":"text/plain","cookie":"refreshToken=eyJhbGciOiJIUzI1NiIsInR5cCI6IkpXVCJ9.eyJ1c2VySWQiOiI5NGFlMWZiOCIsImlhdCI6MTc1NDIxNTg3MywiZXhwIjoxNzU2ODA3ODczfQ.iByMbuWf3tmR-K9uYr-ibXlP4HZQZdhWg4y2o2gl22I","host":"localhost:1606","postman-token":"be9f971a-3f2d-4b02-a19b-778f661d8bf6","user-agent":"PostmanRuntime/7.45.0"},"method":"POST"},"level":"\u001b[32minfo\u001b[39m","message":"Handling workflow request for ID: 16250001, Region: local, API Version: v1","timestamp":"2025-08-05 23:41:43"}
{"level":"\u001b[32minfo\u001b[39m","message":"Processing workflow: 16250001 in region: local with version: v1","timestamp":"2025-08-05 23:41:43"}
{"level":"\u001b[32minfo\u001b[39m","message":"Server is running on port: 1606","timestamp":"2025-08-05 23:42:01"}
{"level":"\u001b[32minfo\u001b[39m","message":"Database connected successfully","timestamp":"2025-08-05 23:42:01"}
{"level":"\u001b[32minfo\u001b[39m","message":"Database connection successful","timestamp":"2025-08-05 23:42:01"}
{"level":"\u001b[32minfo\u001b[39m","message":"Server is running on port: 1606","timestamp":"2025-08-05 23:42:42"}
{"level":"\u001b[32minfo\u001b[39m","message":"Database connected successfully","timestamp":"2025-08-05 23:42:42"}
{"level":"\u001b[32minfo\u001b[39m","message":"Database connection successful","timestamp":"2025-08-05 23:42:42"}
{"level":"\u001b[32minfo\u001b[39m","message":"Server is running on port: 1606","timestamp":"2025-08-05 23:42:53"}
{"level":"\u001b[32minfo\u001b[39m","message":"Database connected successfully","timestamp":"2025-08-05 23:42:53"}
{"level":"\u001b[32minfo\u001b[39m","message":"Database connection successful","timestamp":"2025-08-05 23:42:53"}
{"level":"\u001b[32minfo\u001b[39m","message":"Server is running on port: 1606","timestamp":"2025-08-05 23:43:20"}
{"level":"\u001b[32minfo\u001b[39m","message":"Database connected successfully","timestamp":"2025-08-05 23:43:20"}
{"level":"\u001b[32minfo\u001b[39m","message":"Database connection successful","timestamp":"2025-08-05 23:43:20"}
{"level":"\u001b[32minfo\u001b[39m","message":"Server is running on port: 1606","timestamp":"2025-08-05 23:43:25"}
{"level":"\u001b[32minfo\u001b[39m","message":"Database connected successfully","timestamp":"2025-08-05 23:43:25"}
{"level":"\u001b[32minfo\u001b[39m","message":"Database connection successful","timestamp":"2025-08-05 23:43:25"}
{"level":"\u001b[32minfo\u001b[39m","message":"Server is running on port: 1606","timestamp":"2025-08-05 23:43:27"}
{"level":"\u001b[32minfo\u001b[39m","message":"Database connected successfully","timestamp":"2025-08-05 23:43:27"}
{"level":"\u001b[32minfo\u001b[39m","message":"Database connection successful","timestamp":"2025-08-05 23:43:27"}
{"context":{"apiVersion":"v1","body":{"email":"tanmaysinghx99@gmail.com","password":"A5NvbOntp8"},"headers":{"accept":"*/*","accept-encoding":"gzip, deflate, br","authorization":"Bearer eyJhbGciOiJIUzI1NiIsInR5cCI6IkpXVCJ9.eyJ1c2VySWQiOiI0OTM5MmZjMSIsInJvbGVJZCI6IjAwMDEiLCJpYXQiOjE3MjU3MzA1NDMsImV4cCI6MTcyNTczMTQ0M30.Nx5xr6gbRL2txHgIwSSC8JRliGcw0-AUbdwoI6Jkhtg","cache-control":"no-cache","connection":"keep-alive","content-length":"72","content-type":"application/json","cookie":"refreshToken=eyJhbGciOiJIUzI1NiIsInR5cCI6IkpXVCJ9.eyJ1c2VySWQiOiI5NGFlMWZiOCIsImlhdCI6MTc1NDIxNTg3MywiZXhwIjoxNzU2ODA3ODczfQ.iByMbuWf3tmR-K9uYr-ibXlP4HZQZdhWg4y2o2gl22I","host":"localhost:1606","postman-token":"7f651da5-b027-4f88-82d9-2ac3c7c36939","user-agent":"PostmanRuntime/7.45.0"},"method":"POST"},"level":"\u001b[32minfo\u001b[39m","message":"Handling workflow request for ID: 16250001, Region: local, API Version: v1","timestamp":"2025-08-05 23:43:32"}
{"level":"\u001b[32minfo\u001b[39m","message":"Processing workflow: 16250001 in region: local with version: v1","timestamp":"2025-08-05 23:43:32"}
{"level":"\u001b[32minfo\u001b[39m","message":"Server is running on port: 1606","timestamp":"2025-08-05 23:43:47"}
{"level":"\u001b[32minfo\u001b[39m","message":"Database connected successfully","timestamp":"2025-08-05 23:43:48"}
{"level":"\u001b[32minfo\u001b[39m","message":"Database connection successful","timestamp":"2025-08-05 23:43:48"}
{"level":"\u001b[32minfo\u001b[39m","message":"Server is running on port: 1606","timestamp":"2025-08-05 23:44:07"}
{"level":"\u001b[32minfo\u001b[39m","message":"Database connected successfully","timestamp":"2025-08-05 23:44:07"}
{"level":"\u001b[32minfo\u001b[39m","message":"Database connection successful","timestamp":"2025-08-05 23:44:07"}
{"context":{"apiVersion":"v1","body":{"email":"tanmaysinghx99@gmail.com","password":"A5NvbOntp8"},"headers":{"accept":"*/*","accept-encoding":"gzip, deflate, br","authorization":"Bearer eyJhbGciOiJIUzI1NiIsInR5cCI6IkpXVCJ9.eyJ1c2VySWQiOiI0OTM5MmZjMSIsInJvbGVJZCI6IjAwMDEiLCJpYXQiOjE3MjU3MzA1NDMsImV4cCI6MTcyNTczMTQ0M30.Nx5xr6gbRL2txHgIwSSC8JRliGcw0-AUbdwoI6Jkhtg","cache-control":"no-cache","connection":"keep-alive","content-length":"72","content-type":"application/json","cookie":"refreshToken=eyJhbGciOiJIUzI1NiIsInR5cCI6IkpXVCJ9.eyJ1c2VySWQiOiI5NGFlMWZiOCIsImlhdCI6MTc1NDIxNTg3MywiZXhwIjoxNzU2ODA3ODczfQ.iByMbuWf3tmR-K9uYr-ibXlP4HZQZdhWg4y2o2gl22I","host":"localhost:1606","postman-token":"a58c4294-786e-4854-8003-3a03730a53af","user-agent":"PostmanRuntime/7.45.0"},"method":"POST"},"level":"\u001b[32minfo\u001b[39m","message":"Handling workflow request for ID: 16250001, Region: local, API Version: v1","timestamp":"2025-08-05 23:44:12"}
{"level":"\u001b[32minfo\u001b[39m","message":"Processing workflow: 16250001 in region: local with version: v1","timestamp":"2025-08-05 23:44:12"}
{"level":"\u001b[32minfo\u001b[39m","message":"Server is running on port: 1606","timestamp":"2025-08-05 23:47:32"}
{"level":"\u001b[32minfo\u001b[39m","message":"Database connected successfully","timestamp":"2025-08-05 23:47:32"}
{"level":"\u001b[32minfo\u001b[39m","message":"Database connection successful","timestamp":"2025-08-05 23:47:32"}
{"level":"\u001b[32minfo\u001b[39m","message":"Server is running on port: 1606","timestamp":"2025-08-05 23:47:36"}
{"level":"\u001b[32minfo\u001b[39m","message":"Database connected successfully","timestamp":"2025-08-05 23:47:37"}
{"level":"\u001b[32minfo\u001b[39m","message":"Database connection successful","timestamp":"2025-08-05 23:47:37"}
{"context":{"apiVersion":"v1","body":{"email":"tanmaysinghx99@gmail.com","password":"A5NvbOntp8"},"headers":{"accept":"*/*","accept-encoding":"gzip, deflate, br","authorization":"Bearer eyJhbGciOiJIUzI1NiIsInR5cCI6IkpXVCJ9.eyJ1c2VySWQiOiI0OTM5MmZjMSIsInJvbGVJZCI6IjAwMDEiLCJpYXQiOjE3MjU3MzA1NDMsImV4cCI6MTcyNTczMTQ0M30.Nx5xr6gbRL2txHgIwSSC8JRliGcw0-AUbdwoI6Jkhtg","cache-control":"no-cache","connection":"keep-alive","content-length":"72","content-type":"application/json","cookie":"refreshToken=eyJhbGciOiJIUzI1NiIsInR5cCI6IkpXVCJ9.eyJ1c2VySWQiOiI5NGFlMWZiOCIsImlhdCI6MTc1NDIxNTg3MywiZXhwIjoxNzU2ODA3ODczfQ.iByMbuWf3tmR-K9uYr-ibXlP4HZQZdhWg4y2o2gl22I","host":"localhost:1606","postman-token":"552c7356-20bf-4612-9c42-60c34e43a6bd","user-agent":"PostmanRuntime/7.45.0"},"method":"POST"},"level":"\u001b[32minfo\u001b[39m","message":"Handling workflow request for ID: 16250001, Region: local, API Version: v1","timestamp":"2025-08-05 23:47:42"}
{"level":"\u001b[32minfo\u001b[39m","message":"Processing workflow: 16250001 in region: local with version: v1","timestamp":"2025-08-05 23:47:42"}
{"level":"\u001b[32minfo\u001b[39m","message":"Server is running on port: 1606","timestamp":"2025-08-05 23:47:57"}
{"level":"\u001b[32minfo\u001b[39m","message":"Database connected successfully","timestamp":"2025-08-05 23:47:58"}
{"level":"\u001b[32minfo\u001b[39m","message":"Database connection successful","timestamp":"2025-08-05 23:47:58"}
{"context":{"apiVersion":"v1","body":{"email":"tanmaysinghx99@gmail.com","password":"A5NvbOntp8"},"headers":{"accept":"*/*","accept-encoding":"gzip, deflate, br","authorization":"Bearer eyJhbGciOiJIUzI1NiIsInR5cCI6IkpXVCJ9.eyJ1c2VySWQiOiI0OTM5MmZjMSIsInJvbGVJZCI6IjAwMDEiLCJpYXQiOjE3MjU3MzA1NDMsImV4cCI6MTcyNTczMTQ0M30.Nx5xr6gbRL2txHgIwSSC8JRliGcw0-AUbdwoI6Jkhtg","cache-control":"no-cache","connection":"keep-alive","content-length":"72","content-type":"application/json","cookie":"refreshToken=eyJhbGciOiJIUzI1NiIsInR5cCI6IkpXVCJ9.eyJ1c2VySWQiOiI5NGFlMWZiOCIsImlhdCI6MTc1NDIxNTg3MywiZXhwIjoxNzU2ODA3ODczfQ.iByMbuWf3tmR-K9uYr-ibXlP4HZQZdhWg4y2o2gl22I","host":"localhost:1606","postman-token":"cf7262b5-bd77-484a-af4c-f026c2869f93","user-agent":"PostmanRuntime/7.45.0"},"method":"POST"},"level":"\u001b[32minfo\u001b[39m","message":"Handling workflow request for ID: 16250001, Region: local, API Version: v1","timestamp":"2025-08-05 23:47:59"}
{"level":"\u001b[32minfo\u001b[39m","message":"Processing workflow: 16250001 in region: local with version: v1","timestamp":"2025-08-05 23:47:59"}
{"level":"\u001b[32minfo\u001b[39m","message":"Server is running on port: 1606","timestamp":"2025-08-05 23:48:35"}
{"level":"\u001b[32minfo\u001b[39m","message":"Database connected successfully","timestamp":"2025-08-05 23:48:35"}
{"level":"\u001b[32minfo\u001b[39m","message":"Database connection successful","timestamp":"2025-08-05 23:48:35"}
{"level":"\u001b[32minfo\u001b[39m","message":"Server is running on port: 1606","timestamp":"2025-08-05 23:55:35"}
{"level":"\u001b[32minfo\u001b[39m","message":"Database connected successfully","timestamp":"2025-08-05 23:55:36"}
{"level":"\u001b[32minfo\u001b[39m","message":"Database connection successful","timestamp":"2025-08-05 23:55:36"}
{"level":"\u001b[32minfo\u001b[39m","message":"Server is running on port: 1606","timestamp":"2025-08-05 23:55:49"}
{"level":"\u001b[32minfo\u001b[39m","message":"Database connected successfully","timestamp":"2025-08-05 23:55:49"}
{"level":"\u001b[32minfo\u001b[39m","message":"Database connection successful","timestamp":"2025-08-05 23:55:49"}
{"context":{"apiVersion":"v1","body":{"email":"tanmaysinghx99@gmail.com","password":"A5NvbOntp8"},"headers":{"accept":"*/*","accept-encoding":"gzip, deflate, br","authorization":"Bearer eyJhbGciOiJIUzI1NiIsInR5cCI6IkpXVCJ9.eyJ1c2VySWQiOiI0OTM5MmZjMSIsInJvbGVJZCI6IjAwMDEiLCJpYXQiOjE3MjU3MzA1NDMsImV4cCI6MTcyNTczMTQ0M30.Nx5xr6gbRL2txHgIwSSC8JRliGcw0-AUbdwoI6Jkhtg","cache-control":"no-cache","connection":"keep-alive","content-length":"72","content-type":"application/json","cookie":"refreshToken=eyJhbGciOiJIUzI1NiIsInR5cCI6IkpXVCJ9.eyJ1c2VySWQiOiI5NGFlMWZiOCIsImlhdCI6MTc1NDIxNTg3MywiZXhwIjoxNzU2ODA3ODczfQ.iByMbuWf3tmR-K9uYr-ibXlP4HZQZdhWg4y2o2gl22I","host":"localhost:1606","postman-token":"cf402f3e-103e-4fb5-8801-fde1c542d7f6","user-agent":"PostmanRuntime/7.45.0"},"method":"POST"},"level":"\u001b[32minfo\u001b[39m","message":"Handling workflow request for ID: 16250001, Region: local, API Version: v1","timestamp":"2025-08-05 23:55:51"}
{"level":"\u001b[32minfo\u001b[39m","message":"Processing workflow: 16250001 in region: local with version: v1","timestamp":"2025-08-05 23:55:51"}
{"context":{"apiVersion":"v1","body":{"email":"tanmaysinghx99@gmail.com","password":"A5NvbOntp8"},"headers":{"accept":"*/*","accept-encoding":"gzip, deflate, br","authorization":"Bearer eyJhbGciOiJIUzI1NiIsInR5cCI6IkpXVCJ9.eyJ1c2VySWQiOiI0OTM5MmZjMSIsInJvbGVJZCI6IjAwMDEiLCJpYXQiOjE3MjU3MzA1NDMsImV4cCI6MTcyNTczMTQ0M30.Nx5xr6gbRL2txHgIwSSC8JRliGcw0-AUbdwoI6Jkhtg","cache-control":"no-cache","connection":"keep-alive","content-length":"72","content-type":"application/json","cookie":"refreshToken=eyJhbGciOiJIUzI1NiIsInR5cCI6IkpXVCJ9.eyJ1c2VySWQiOiI5NGFlMWZiOCIsImlhdCI6MTc1NDIxNTg3MywiZXhwIjoxNzU2ODA3ODczfQ.iByMbuWf3tmR-K9uYr-ibXlP4HZQZdhWg4y2o2gl22I","host":"localhost:1606","postman-token":"beeeb0e3-f651-4dc6-936c-ec8bb2a9ca32","user-agent":"PostmanRuntime/7.45.0"},"method":"POST"},"level":"\u001b[32minfo\u001b[39m","message":"Handling workflow request for ID: 16250001, Region: local, API Version: v1","timestamp":"2025-08-05 23:56:35"}
{"level":"\u001b[32minfo\u001b[39m","message":"Processing workflow: 16250001 in region: local with version: v1","timestamp":"2025-08-05 23:56:35"}
{"level":"\u001b[32minfo\u001b[39m","message":"Server is running on port: 1606","timestamp":"2025-08-05 23:58:18"}
{"level":"\u001b[32minfo\u001b[39m","message":"Database connected successfully","timestamp":"2025-08-05 23:58:18"}
{"level":"\u001b[32minfo\u001b[39m","message":"Database connection successful","timestamp":"2025-08-05 23:58:18"}
{"level":"\u001b[32minfo\u001b[39m","message":"Server is running on port: 1606","timestamp":"2025-08-05 23:58:27"}
{"level":"\u001b[32minfo\u001b[39m","message":"Database connected successfully","timestamp":"2025-08-05 23:58:28"}
{"level":"\u001b[32minfo\u001b[39m","message":"Database connection successful","timestamp":"2025-08-05 23:58:28"}
{"context":{"apiVersion":"v1","body":{"email":"tanmaysinghx99@gmail.com","password":"A5NvbOntp8"},"headers":{"accept":"*/*","accept-encoding":"gzip, deflate, br","authorization":"Bearer eyJhbGciOiJIUzI1NiIsInR5cCI6IkpXVCJ9.eyJ1c2VySWQiOiI0OTM5MmZjMSIsInJvbGVJZCI6IjAwMDEiLCJpYXQiOjE3MjU3MzA1NDMsImV4cCI6MTcyNTczMTQ0M30.Nx5xr6gbRL2txHgIwSSC8JRliGcw0-AUbdwoI6Jkhtg","cache-control":"no-cache","connection":"keep-alive","content-length":"72","content-type":"application/json","cookie":"refreshToken=eyJhbGciOiJIUzI1NiIsInR5cCI6IkpXVCJ9.eyJ1c2VySWQiOiI5NGFlMWZiOCIsImlhdCI6MTc1NDIxNTg3MywiZXhwIjoxNzU2ODA3ODczfQ.iByMbuWf3tmR-K9uYr-ibXlP4HZQZdhWg4y2o2gl22I","host":"localhost:1606","postman-token":"de320e82-11a6-47ce-9cec-ac7d2377c935","user-agent":"PostmanRuntime/7.45.0"},"method":"POST"},"level":"\u001b[32minfo\u001b[39m","message":"Handling workflow request for ID: 16250001, Region: local, API Version: v1","timestamp":"2025-08-05 23:58:30"}
{"level":"\u001b[32minfo\u001b[39m","message":"Processing workflow: 16250001 in region: local with version: v1","timestamp":"2025-08-05 23:58:30"}
{"level":"\u001b[32minfo\u001b[39m","message":"Server is running on port: 1606","timestamp":"2025-08-06 00:00:43"}
{"level":"\u001b[32minfo\u001b[39m","message":"Database connected successfully","timestamp":"2025-08-06 00:00:43"}
{"level":"\u001b[32minfo\u001b[39m","message":"Database connection successful","timestamp":"2025-08-06 00:00:43"}
{"level":"\u001b[32minfo\u001b[39m","message":"Server is running on port: 1606","timestamp":"2025-08-06 00:00:50"}
{"level":"\u001b[32minfo\u001b[39m","message":"Database connected successfully","timestamp":"2025-08-06 00:00:50"}
{"level":"\u001b[32minfo\u001b[39m","message":"Database connection successful","timestamp":"2025-08-06 00:00:50"}
